# JRE version: Java(TM) SE Runtime Environment (8.0_92-b14) (build 1.8.0_92-b14)
# Java VM: Java HotSpot(TM) 64-Bit Server VM (25.92-b14 mixed mode windows-amd64 compressed oops)
Heap:
 PSYoungGen      total 18944K, used 7643K [0x00000000eac00000, 0x00000000ec100000, 0x0000000100000000)
  eden space 16384K, 46% used [0x00000000eac00000,0x00000000eb376d00,0x00000000ebc00000)
  from space 2560K, 0% used [0x00000000ebc00000,0x00000000ebc00000,0x00000000ebe80000)
  to   space 2560K, 0% used [0x00000000ebe80000,0x00000000ebe80000,0x00000000ec100000)
 ParOldGen       total 41984K, used 10053K [0x00000000c0400000, 0x00000000c2d00000, 0x00000000eac00000)
  object space 41984K, 23% used [0x00000000c0400000,0x00000000c0dd16e8,0x00000000c2d00000)
 Metaspace       used 20977K, capacity 22092K, committed 22400K, reserved 1069056K
  class space    used 2811K, capacity 3073K, committed 3200K, reserved 1048576K
GC Heap History (8 events):
Event: 0.894 GC heap before
{Heap before GC invocations=1 (full 0):
 PSYoungGen      total 18944K, used 16384K [0x00000000eac00000, 0x00000000ec100000, 0x0000000100000000)
  eden space 16384K, 100% used [0x00000000eac00000,0x00000000ebc00000,0x00000000ebc00000)
  from space 2560K, 0% used [0x00000000ebe80000,0x00000000ebe80000,0x00000000ec100000)
  to   space 2560K, 0% used [0x00000000ebc00000,0x00000000ebc00000,0x00000000ebe80000)
 ParOldGen       total 44032K, used 0K [0x00000000c0400000, 0x00000000c2f00000, 0x00000000eac00000)
  object space 44032K, 0% used [0x00000000c0400000,0x00000000c0400000,0x00000000c2f00000)
 Metaspace       used 10108K, capacity 10488K, committed 10624K, reserved 1058816K
  class space    used 1277K, capacity 1377K, committed 1408K, reserved 1048576K
Event: 0.900 GC heap after
Heap after GC invocations=1 (full 0):
 PSYoungGen      total 18944K, used 2528K [0x00000000eac00000, 0x00000000ec100000, 0x0000000100000000)
  eden space 16384K, 0% used [0x00000000eac00000,0x00000000eac00000,0x00000000ebc00000)
  from space 2560K, 98% used [0x00000000ebc00000,0x00000000ebe78040,0x00000000ebe80000)
  to   space 2560K, 0% used [0x00000000ebe80000,0x00000000ebe80000,0x00000000ec100000)
 ParOldGen       total 44032K, used 555K [0x00000000c0400000, 0x00000000c2f00000, 0x00000000eac00000)
  object space 44032K, 1% used [0x00000000c0400000,0x00000000c048adc8,0x00000000c2f00000)
 Metaspace       used 10108K, capacity 10488K, committed 10624K, reserved 1058816K
  class space    used 1277K, capacity 1377K, committed 1408K, reserved 1048576K
}
Event: 2.034 GC heap before
{Heap before GC invocations=2 (full 0):
 PSYoungGen      total 18944K, used 18905K [0x00000000eac00000, 0x00000000ec100000, 0x0000000100000000)
  eden space 16384K, 99% used [0x00000000eac00000,0x00000000ebbfe3f8,0x00000000ebc00000)
  from space 2560K, 98% used [0x00000000ebc00000,0x00000000ebe78040,0x00000000ebe80000)
  to   space 2560K, 0% used [0x00000000ebe80000,0x00000000ebe80000,0x00000000ec100000)
 ParOldGen       total 44032K, used 555K [0x00000000c0400000, 0x00000000c2f00000, 0x00000000eac00000)
  object space 44032K, 1% used [0x00000000c0400000,0x00000000c048adc8,0x00000000c2f00000)
 Metaspace       used 16600K, capacity 17196K, committed 17536K, reserved 1064960K
  class space    used 2172K, capacity 2339K, committed 2432K, reserved 1048576K
Event: 2.042 GC heap after
Heap after GC invocations=2 (full 0):
 PSYoungGen      total 18944K, used 2544K [0x00000000eac00000, 0x00000000ec100000, 0x0000000100000000)
  eden space 16384K, 0% used [0x00000000eac00000,0x00000000eac00000,0x00000000ebc00000)
  from space 2560K, 99% used [0x00000000ebe80000,0x00000000ec0fc030,0x00000000ec100000)
  to   space 2560K, 0% used [0x00000000ebc00000,0x00000000ebc00000,0x00000000ebe80000)
 ParOldGen       total 44032K, used 3229K [0x00000000c0400000, 0x00000000c2f00000, 0x00000000eac00000)
  object space 44032K, 7% used [0x00000000c0400000,0x00000000c0727428,0x00000000c2f00000)
 Metaspace       used 16600K, capacity 17196K, committed 17536K, reserved 1064960K
  class space    used 2172K, capacity 2339K, committed 2432K, reserved 1048576K
}
Event: 8.366 GC heap before
{Heap before GC invocations=3 (full 0):
 PSYoungGen      total 18944K, used 16507K [0x00000000eac00000, 0x00000000ec100000, 0x0000000100000000)
  eden space 16384K, 85% used [0x00000000eac00000,0x00000000eb9a2d68,0x00000000ebc00000)
  from space 2560K, 99% used [0x00000000ebe80000,0x00000000ec0fc030,0x00000000ec100000)
  to   space 2560K, 0% used [0x00000000ebc00000,0x00000000ebc00000,0x00000000ebe80000)
 ParOldGen       total 44032K, used 3229K [0x00000000c0400000, 0x00000000c2f00000, 0x00000000eac00000)
  object space 44032K, 7% used [0x00000000c0400000,0x00000000c0727428,0x00000000c2f00000)
 Metaspace       used 20153K, capacity 21182K, committed 21248K, reserved 1067008K
  class space    used 2797K, capacity 3036K, committed 3072K, reserved 1048576K
Event: 8.376 GC heap after
Heap after GC invocations=3 (full 0):
 PSYoungGen      total 18944K, used 2528K [0x00000000eac00000, 0x00000000ec100000, 0x0000000100000000)
  eden space 16384K, 0% used [0x00000000eac00000,0x00000000eac00000,0x00000000ebc00000)
  from space 2560K, 98% used [0x00000000ebc00000,0x00000000ebe78020,0x00000000ebe80000)
  to   space 2560K, 0% used [0x00000000ebe80000,0x00000000ebe80000,0x00000000ec100000)
 ParOldGen       total 44032K, used 7793K [0x00000000c0400000, 0x00000000c2f00000, 0x00000000eac00000)
  object space 44032K, 17% used [0x00000000c0400000,0x00000000c0b9c7b8,0x00000000c2f00000)
 Metaspace       used 20153K, capacity 21182K, committed 21248K, reserved 1067008K
  class space    used 2797K, capacity 3036K, committed 3072K, reserved 1048576K
}
Event: 8.376 GC heap before
{Heap before GC invocations=4 (full 1):
 PSYoungGen      total 18944K, used 2528K [0x00000000eac00000, 0x00000000ec100000, 0x0000000100000000)
  eden space 16384K, 0% used [0x00000000eac00000,0x00000000eac00000,0x00000000ebc00000)
  from space 2560K, 98% used [0x00000000ebc00000,0x00000000ebe78020,0x00000000ebe80000)
  to   space 2560K, 0% used [0x00000000ebe80000,0x00000000ebe80000,0x00000000ec100000)
 ParOldGen       total 44032K, used 7793K [0x00000000c0400000, 0x00000000c2f00000, 0x00000000eac00000)
  object space 44032K, 17% used [0x00000000c0400000,0x00000000c0b9c7b8,0x00000000c2f00000)
 Metaspace       used 20153K, capacity 21182K, committed 21248K, reserved 1067008K
  class space    used 2797K, capacity 3036K, committed 3072K, reserved 1048576K
Event: 8.434 GC heap after
Heap after GC invocations=4 (full 1):
 PSYoungGen      total 18944K, used 0K [0x00000000eac00000, 0x00000000ec100000, 0x0000000100000000)
  eden space 16384K, 0% used [0x00000000eac00000,0x00000000eac00000,0x00000000ebc00000)
  from space 2560K, 0% used [0x00000000ebc00000,0x00000000ebc00000,0x00000000ebe80000)
  to   space 2560K, 0% used [0x00000000ebe80000,0x00000000ebe80000,0x00000000ec100000)
 ParOldGen       total 41984K, used 10053K [0x00000000c0400000, 0x00000000c2d00000, 0x00000000eac00000)
  object space 41984K, 23% used [0x00000000c0400000,0x00000000c0dd16e8,0x00000000c2d00000)
 Metaspace       used 20153K, capacity 21182K, committed 21248K, reserved 1067008K
  class space    used 2797K, capacity 3036K, committed 3072K, reserved 1048576K
}

