# JRE version: Java(TM) SE Runtime Environment (8.0_92-b14) (build 1.8.0_92-b14)
# Java VM: Java HotSpot(TM) 64-Bit Server VM (25.92-b14 mixed mode windows-amd64 compressed oops)
Heap:
 PSYoungGen      total 35328K, used 15636K [0x00000000eac00000, 0x00000000ed100000, 0x0000000100000000)
  eden space 32768K, 47% used [0x00000000eac00000,0x00000000ebb45118,0x00000000ecc00000)
  from space 2560K, 0% used [0x00000000ecc00000,0x00000000ecc00000,0x00000000ece80000)
  to   space 2560K, 0% used [0x00000000ece80000,0x00000000ece80000,0x00000000ed100000)
 ParOldGen       total 41984K, used 10051K [0x00000000c0400000, 0x00000000c2d00000, 0x00000000eac00000)
  object space 41984K, 23% used [0x00000000c0400000,0x00000000c0dd0ce0,0x00000000c2d00000)
 Metaspace       used 21484K, capacity 22734K, committed 23040K, reserved 1069056K
  class space    used 2934K, capacity 3212K, committed 3328K, reserved 1048576K
GC Heap History (8 events):
Event: 0.654 GC heap before
{Heap before GC invocations=1 (full 0):
 PSYoungGen      total 18944K, used 16384K [0x00000000eac00000, 0x00000000ec100000, 0x0000000100000000)
  eden space 16384K, 100% used [0x00000000eac00000,0x00000000ebc00000,0x00000000ebc00000)
  from space 2560K, 0% used [0x00000000ebe80000,0x00000000ebe80000,0x00000000ec100000)
  to   space 2560K, 0% used [0x00000000ebc00000,0x00000000ebc00000,0x00000000ebe80000)
 ParOldGen       total 44032K, used 0K [0x00000000c0400000, 0x00000000c2f00000, 0x00000000eac00000)
  object space 44032K, 0% used [0x00000000c0400000,0x00000000c0400000,0x00000000c2f00000)
 Metaspace       used 10071K, capacity 10422K, committed 10624K, reserved 1058816K
  class space    used 1267K, capacity 1377K, committed 1408K, reserved 1048576K
Event: 0.665 GC heap after
Heap after GC invocations=1 (full 0):
 PSYoungGen      total 18944K, used 2544K [0x00000000eac00000, 0x00000000ed100000, 0x0000000100000000)
  eden space 16384K, 0% used [0x00000000eac00000,0x00000000eac00000,0x00000000ebc00000)
  from space 2560K, 99% used [0x00000000ebc00000,0x00000000ebe7c040,0x00000000ebe80000)
  to   space 2560K, 0% used [0x00000000ece80000,0x00000000ece80000,0x00000000ed100000)
 ParOldGen       total 44032K, used 532K [0x00000000c0400000, 0x00000000c2f00000, 0x00000000eac00000)
  object space 44032K, 1% used [0x00000000c0400000,0x00000000c04850b8,0x00000000c2f00000)
 Metaspace       used 10071K, capacity 10422K, committed 10624K, reserved 1058816K
  class space    used 1267K, capacity 1377K, committed 1408K, reserved 1048576K
}
Event: 1.732 GC heap before
{Heap before GC invocations=2 (full 0):
 PSYoungGen      total 18944K, used 18928K [0x00000000eac00000, 0x00000000ed100000, 0x0000000100000000)
  eden space 16384K, 100% used [0x00000000eac00000,0x00000000ebc00000,0x00000000ebc00000)
  from space 2560K, 99% used [0x00000000ebc00000,0x00000000ebe7c040,0x00000000ebe80000)
  to   space 2560K, 0% used [0x00000000ece80000,0x00000000ece80000,0x00000000ed100000)
 ParOldGen       total 44032K, used 532K [0x00000000c0400000, 0x00000000c2f00000, 0x00000000eac00000)
  object space 44032K, 1% used [0x00000000c0400000,0x00000000c04850b8,0x00000000c2f00000)
 Metaspace       used 16561K, capacity 17158K, committed 17280K, reserved 1064960K
  class space    used 2228K, capacity 2396K, committed 2432K, reserved 1048576K
Event: 1.740 GC heap after
Heap after GC invocations=2 (full 0):
 PSYoungGen      total 35328K, used 2544K [0x00000000eac00000, 0x00000000ed100000, 0x0000000100000000)
  eden space 32768K, 0% used [0x00000000eac00000,0x00000000eac00000,0x00000000ecc00000)
  from space 2560K, 99% used [0x00000000ece80000,0x00000000ed0fc080,0x00000000ed100000)
  to   space 2560K, 0% used [0x00000000ecc00000,0x00000000ecc00000,0x00000000ece80000)
 ParOldGen       total 44032K, used 3156K [0x00000000c0400000, 0x00000000c2f00000, 0x00000000eac00000)
  object space 44032K, 7% used [0x00000000c0400000,0x00000000c07151f0,0x00000000c2f00000)
 Metaspace       used 16561K, capacity 17158K, committed 17280K, reserved 1064960K
  class space    used 2228K, capacity 2396K, committed 2432K, reserved 1048576K
}
Event: 5.308 GC heap before
{Heap before GC invocations=3 (full 0):
 PSYoungGen      total 35328K, used 16493K [0x00000000eac00000, 0x00000000ed100000, 0x0000000100000000)
  eden space 32768K, 42% used [0x00000000eac00000,0x00000000eb99f3e8,0x00000000ecc00000)
  from space 2560K, 99% used [0x00000000ece80000,0x00000000ed0fc080,0x00000000ed100000)
  to   space 2560K, 0% used [0x00000000ecc00000,0x00000000ecc00000,0x00000000ece80000)
 ParOldGen       total 44032K, used 3156K [0x00000000c0400000, 0x00000000c2f00000, 0x00000000eac00000)
  object space 44032K, 7% used [0x00000000c0400000,0x00000000c07151f0,0x00000000c2f00000)
 Metaspace       used 20116K, capacity 21162K, committed 21248K, reserved 1067008K
  class space    used 2789K, capacity 3032K, committed 3072K, reserved 1048576K
Event: 5.323 GC heap after
Heap after GC invocations=3 (full 0):
 PSYoungGen      total 35328K, used 2544K [0x00000000eac00000, 0x00000000ed100000, 0x0000000100000000)
  eden space 32768K, 0% used [0x00000000eac00000,0x00000000eac00000,0x00000000ecc00000)
  from space 2560K, 99% used [0x00000000ecc00000,0x00000000ece7c0a0,0x00000000ece80000)
  to   space 2560K, 0% used [0x00000000ece80000,0x00000000ece80000,0x00000000ed100000)
 ParOldGen       total 44032K, used 7816K [0x00000000c0400000, 0x00000000c2f00000, 0x00000000eac00000)
  object space 44032K, 17% used [0x00000000c0400000,0x00000000c0ba2280,0x00000000c2f00000)
 Metaspace       used 20116K, capacity 21162K, committed 21248K, reserved 1067008K
  class space    used 2789K, capacity 3032K, committed 3072K, reserved 1048576K
}
Event: 5.323 GC heap before
{Heap before GC invocations=4 (full 1):
 PSYoungGen      total 35328K, used 2544K [0x00000000eac00000, 0x00000000ed100000, 0x0000000100000000)
  eden space 32768K, 0% used [0x00000000eac00000,0x00000000eac00000,0x00000000ecc00000)
  from space 2560K, 99% used [0x00000000ecc00000,0x00000000ece7c0a0,0x00000000ece80000)
  to   space 2560K, 0% used [0x00000000ece80000,0x00000000ece80000,0x00000000ed100000)
 ParOldGen       total 44032K, used 7816K [0x00000000c0400000, 0x00000000c2f00000, 0x00000000eac00000)
  object space 44032K, 17% used [0x00000000c0400000,0x00000000c0ba2280,0x00000000c2f00000)
 Metaspace       used 20116K, capacity 21162K, committed 21248K, reserved 1067008K
  class space    used 2789K, capacity 3032K, committed 3072K, reserved 1048576K
Event: 5.390 GC heap after
Heap after GC invocations=4 (full 1):
 PSYoungGen      total 35328K, used 0K [0x00000000eac00000, 0x00000000ed100000, 0x0000000100000000)
  eden space 32768K, 0% used [0x00000000eac00000,0x00000000eac00000,0x00000000ecc00000)
  from space 2560K, 0% used [0x00000000ecc00000,0x00000000ecc00000,0x00000000ece80000)
  to   space 2560K, 0% used [0x00000000ece80000,0x00000000ece80000,0x00000000ed100000)
 ParOldGen       total 41984K, used 10051K [0x00000000c0400000, 0x00000000c2d00000, 0x00000000eac00000)
  object space 41984K, 23% used [0x00000000c0400000,0x00000000c0dd0ce0,0x00000000c2d00000)
 Metaspace       used 20116K, capacity 21162K, committed 21248K, reserved 1067008K
  class space    used 2789K, capacity 3032K, committed 3072K, reserved 1048576K
}

